<?xml version="1.0" encoding="UTF-8"?>
<testsuite xmlns:xsi="http://www.w3.org/2001/XMLSchema-instance" xsi:noNamespaceSchemaLocation="https://maven.apache.org/surefire/maven-surefire-plugin/xsd/surefire-test-report-3.0.xsd" version="3.0" name="NameTest" time="0.063" tests="8" errors="0" skipped="0" failures="0">
  <properties>
[...]
</properties>
  <testcase name="nameCannotBeLongerThan250Characters" classname="NameTest" time="0.007"/>
  <testcase name="validNameShouldBeAccepted" classname="NameTest" time="0.009"/>
  <testcase name="nameCannotBeNull" classname="NameTest" time="0.007"/>
  <testcase name="nameWithAccentedCharactersIsAccepted" classname="NameTest" time="0.006"/>
  <testcase name="nameCannotContainSpecialCharacters" classname="NameTest" time="0.004"/>
  <testcase name="nameCannotContainNumbers" classname="NameTest" time="0.003"/>
  <testcase name="nameIsTrimmed" classname="NameTest" time="0.004"/>
  <testcase name="nameCannotBeBlank" classname="NameTest" time="0.001"/>
</testsuite>